This is pdfeTeX, Version 3.141592-1.30.6-2.2 (MiKTeX 2.5) (preloaded format=latex 2009.3.20)  20 MAR 2009 10:07
entering extended mode
**latexhistory
(latexhistory.tex
LaTeX2e <2005/12/01>
Babel <v3.8g> and hyphenation patterns for english, dumylang, nohyphenation, ge
rman, ngerman, french, loaded.
("C:\Program Files\MiKTeX 2.5\tex\latex\base\Letter.cls"

LaTeX Warning: You have requested document class `Letter',
               but the document class provides `letter'.

Document Class: letter 1999/04/29 v1.2z Standard LaTeX document class
("C:\Program Files\MiKTeX 2.5\tex\latex\base\size10.clo"
File: size10.clo 2005/09/16 v1.4f Standard LaTeX file (size option)
)
\longindentation=\dimen102
\indentedwidth=\dimen103
\labelcount=\count79
) (latexhistory.aux)
LaTeX Font Info:    Checking defaults for OML/cmm/m/it on input line 2.
LaTeX Font Info:    ... okay on input line 2.
LaTeX Font Info:    Checking defaults for T1/cmr/m/n on input line 2.
LaTeX Font Info:    ... okay on input line 2.
LaTeX Font Info:    Checking defaults for OT1/cmr/m/n on input line 2.
LaTeX Font Info:    ... okay on input line 2.
LaTeX Font Info:    Checking defaults for OMS/cmsy/m/n on input line 2.
LaTeX Font Info:    ... okay on input line 2.
LaTeX Font Info:    Checking defaults for OMX/cmex/m/n on input line 2.
LaTeX Font Info:    ... okay on input line 2.
LaTeX Font Info:    Checking defaults for U/cmr/m/n on input line 2.
LaTeX Font Info:    ... okay on input line 2.

! Undefined control sequence.
l.6 \maketitle
              
? 
LaTeX Font Info:    External font `cmex10' loaded for size
(Font)              <7> on input line 8.
LaTeX Font Info:    External font `cmex10' loaded for size
(Font)              <5> on input line 8.
LaTeX Font Info:    External font `cmex10' loaded for size
(Font)              <8> on input line 8.
LaTeX Font Info:    External font `cmex10' loaded for size
(Font)              <6> on input line 8.
! Undefined control sequence.
l.18 \section
              {History}
? 
! Undefined control sequence.
l.21 \section
             {Who uses it?}
? 
! Undefined control sequence.
l.25 \section
             {Basic concepts}
? 
! Undefined control sequence.
l.29 \section
              {A sample document}
? 
[1

]
! Undefined control sequence.
l.48 \section
             {Working with mathematical formulae}
? 
! Undefined control sequence.
l.50 \subsection
                {Algebra}
? 
! Undefined control sequence.
l.57 \subsection
                {Calculus}
? 
! Undefined control sequence.
l.66 \subsection
                {Matrices}
? 
! Undefined control sequence.
l.77 \section
             {Some examples of \LaTeX commands}
? 

Underfull \hbox (badness 10000) in paragraph at lines 77--79

 []

! Undefined control sequence.
l.92 \section
              {Obtaining more information}
? 
[2] [3] (latexhistory.aux) ) 
Here is how much of TeX's memory you used:
 174 strings out of 95420
 1653 string characters out of 1187320
 47949 words of memory out of 1048577
 3388 multiletter control sequences out of 60000
 6904 words of font info for 25 fonts, out of 1000000 for 2000
 14 hyphenation exceptions out of 8191
 24i,8n,17p,624b,148s stack positions out of 5000i,500n,10000p,200000b,32768s

Output written on latexhistory.dvi (3 pages, 8544 bytes).
